<?xml version="1.0" encoding="UTF-8"?>
<testsuite name="com.epam.ld.module2.testing.template.TemplateEngineTest" tests="5" skipped="0" failures="0" errors="0" timestamp="2022-11-12T03:54:08" hostname="EPVNHOCW0200" time="0.026">
  <properties/>
  <testcase name="sendMessageMissingValueShouldThrowIllegalArgumentException()" classname="com.epam.ld.module2.testing.template.TemplateEngineTest" time="0.011"/>
  <testcase name="sendEmailMessageShouldReturnEmailMessage()" classname="com.epam.ld.module2.testing.template.TemplateEngineTest" time="0.004"/>
  <testcase name="sendHelloMessageShouldReturnHelloMessage()" classname="com.epam.ld.module2.testing.template.TemplateEngineTest" time="0.003"/>
  <testcase name="sendMessageMissingMsgShouldThrowNullPointerException()" classname="com.epam.ld.module2.testing.template.TemplateEngineTest" time="0.004"/>
  <testcase name="sendMessageNotFoundFromTemplateShouldReturnNull()" classname="com.epam.ld.module2.testing.template.TemplateEngineTest" time="0.003"/>
  <system-out><![CDATA[]]></system-out>
  <system-err><![CDATA[]]></system-err>
</testsuite>
