<?xml version="1.0" encoding="UTF-8"?>
<testsuite name="com.epam.ld.module2.testing.MailServerTest" tests="1" skipped="0" failures="0" errors="0" timestamp="2022-11-12T03:54:08" hostname="EPVNHOCW0200" time="0.044">
  <properties/>
  <testcase name="sendMessageShouldSuccess()" classname="com.epam.ld.module2.testing.MailServerTest" time="0.044"/>
  <system-out><![CDATA[]]></system-out>
  <system-err><![CDATA[]]></system-err>
</testsuite>
